  Buffer.cpp
  Camera.cpp
  Initialize.cpp
  Log.cpp
  Main.cpp
C:\Users\kbald\source\repos\Fusion_Frame_2D_Graphic_Engine\Fusion_Frame_2D_Graphic_Engine\Main.cpp(77,99): warning C4244: 'argument': conversion from 'T' to 'GLfloat', possible loss of data
          with
          [
              T=int
          ]
C:\Users\kbald\source\repos\Fusion_Frame_2D_Graphic_Engine\Fusion_Frame_2D_Graphic_Engine\Main.cpp(77,85): warning C4244: 'argument': conversion from 'T' to 'GLfloat', possible loss of data
          with
          [
              T=int
          ]
  Mesh.cpp
  SDL_CUSTOM.cpp
C:\Users\kbald\source\repos\Fusion_Frame_2D_Graphic_Engine\Fusion_Frame_2D_Graphic_Engine\SDL_CUSTOM.cpp(32,95): warning C4244: 'argument': conversion from 'float' to 'int', possible loss of data
C:\Users\kbald\source\repos\Fusion_Frame_2D_Graphic_Engine\Fusion_Frame_2D_Graphic_Engine\SDL_CUSTOM.cpp(32,88): warning C4244: 'argument': conversion from 'float' to 'int', possible loss of data
  Shader.cpp
  Texture.cpp
  VectorMath.cpp
  Generating code
  Previous IPDB not found, fall back to full compilation.
C:\Users\kbald\source\repos\Fusion_Frame_2D_Graphic_Engine\Fusion_Frame_2D_Graphic_Engine\Shader.cpp(26): warning C4715: 'ReadTextFile': not all control paths return a value
  All 470 functions were compiled because no usable IPDB/IOBJ from previous compilation was found.
  Finished generating code
  Fusion_Frame_2D_Graphic_Engine.vcxproj -> C:\Users\kbald\source\repos\Fusion_Frame_2D_Graphic_Engine\x64\Release\Fusion_Frame_2D_Graphic_Engine.exe
